#
# There is insufficient memory for the Java Runtime Environment to continue.
# Native memory allocation (malloc) failed to allocate 1048576 bytes for AllocateHeap
# Possible reasons:
#   The system is out of physical RAM or swap space
#   In 32 bit mode, the process size limit was hit
# Possible solutions:
#   Reduce memory load on the system
#   Increase physical memory or swap space
#   Check if swap backing store is full
#   Use 64 bit Java on a 64 bit OS
#   Decrease Java heap size (-Xmx/-Xms)
#   Decrease number of Java threads
#   Decrease Java thread stack sizes (-Xss)
#   Set larger code cache with -XX:ReservedCodeCacheSize=
# This output file may be truncated or incomplete.
#
#  Out of Memory Error (memory/allocation.inline.hpp:61), pid=14568, tid=5116
#
# JRE version:  (8.0_60-b27) (build )
# Java VM: Java HotSpot(TM) 64-Bit Server VM (25.60-b23 mixed mode windows-amd64 compressed oops)
# Failed to write core dump. Minidumps are not enabled by default on client versions of Windows
#

---------------  T H R E A D  ---------------

Current thread (0x0000000002a91000):  JavaThread "Unknown thread" [_thread_in_vm, id=5116, stack(0x0000000002990000,0x0000000002a90000)]

Stack: [0x0000000002990000,0x0000000002a90000]
[error occurred during error reporting (printing stack bounds), id 0xc0000005]

Native frames: (J=compiled Java code, j=interpreted, Vv=VM code, C=native code)


---------------  P R O C E S S  ---------------

Java Threads: ( => current thread )

Other Threads:

=>0x0000000002a91000 (exited) JavaThread "Unknown thread" [_thread_in_vm, id=5116, stack(0x0000000002990000,0x0000000002a90000)]

VM state:not at safepoint (normal execution)

VM Mutex/Monitor currently owned by a thread: None

Heap:
 PSYoungGen      total 18944K, used 327K [0x00000000eb300000, 0x00000000ec800000, 0x0000000100000000)
  eden space 16384K, 2% used [0x00000000eb300000,0x00000000eb351ec8,0x00000000ec300000)
  from space 2560K, 0% used [0x00000000ec580000,0x00000000ec580000,0x00000000ec800000)
  to   space 2560K, 0% used [0x00000000ec300000,0x00000000ec300000,0x00000000ec580000)
 ParOldGen       total 44032K, used 0K [0x00000000c1800000, 0x00000000c4300000, 0x00000000eb300000)
  object space 44032K, 0% used [0x00000000c1800000,0x00000000c1800000,0x00000000c4300000)
 Metaspace       used 767K, capacity 4480K, committed 4480K, reserved 1056768K
  class space    used 75K, capacity 384K, committed 384K, reserved 1048576K

Card table byte_map: [0x0000000011f50000,0x0000000012150000] byte_map_base: 0x0000000011944000

Marking Bits: (ParMarkBitMap*) 0x000000006b97a5b0
 Begin Bits: [0x00000000126a0000, 0x0000000013640000)
 End Bits:   [0x0000000013640000, 0x00000000145e0000)

Polling page: 0x0000000001190000

CodeCache: size=245760Kb used=328Kb max_used=328Kb free=245431Kb
 bounds [0x0000000002b90000, 0x0000000002e00000, 0x0000000011b90000]
 total_blobs=57 nmethods=0 adapters=37
 compilation: enabled

Compilation events (0 events):
No events

GC Heap History (0 events):
No events

Deoptimization events (0 events):
No events

Internal exceptions (0 events):
No events

Events (10 events):
Event: 0.034 loading class java/lang/Short
Event: 0.034 loading class java/lang/Short done
Event: 0.034 loading class java/lang/Integer
Event: 0.034 loading class java/lang/Integer done
Event: 0.034 loading class java/lang/Long
Event: 0.034 loading class java/lang/Long done
Event: 0.035 loading class java/lang/NullPointerException
Event: 0.035 loading class java/lang/NullPointerException done
Event: 0.035 loading class java/lang/ArithmeticException
Event: 0.035 loading class java/lang/ArithmeticException done


Dynamic libraries:
0x00007ff7b2ef0000 - 0x00007ff7b2f27000 	C:\Program Files\Java\jdk1.8.0_60\jre\bin\java.exe
0x00007ff971950000 - 0x00007ff971b22000 	C:\Windows\SYSTEM32\ntdll.dll
0x00007ff96f320000 - 0x00007ff96f3cc000 	C:\Windows\System32\KERNEL32.DLL
0x00007ff94dc70000 - 0x00007ff94dca3000 	C:\Program Files\AVAST Software\Avast\x64\aswhooka.dll
0x00007ff96e090000 - 0x00007ff96e2ad000 	C:\Windows\System32\KERNELBASE.dll
0x00007ff96fb40000 - 0x00007ff96fbe2000 	C:\Windows\System32\ADVAPI32.dll
0x00007ff971370000 - 0x00007ff97140e000 	C:\Windows\System32\msvcrt.dll
0x00007ff96f3d0000 - 0x00007ff96f429000 	C:\Windows\System32\sechost.dll
0x00007ff96f430000 - 0x00007ff96f551000 	C:\Windows\System32\RPCRT4.dll
0x00007ff96f1b0000 - 0x00007ff96f315000 	C:\Windows\System32\USER32.dll
0x00007ff96e070000 - 0x00007ff96e08e000 	C:\Windows\System32\win32u.dll
0x00007ff971630000 - 0x00007ff971664000 	C:\Windows\System32\GDI32.dll
0x00007ff96e2b0000 - 0x00007ff96e430000 	C:\Windows\System32\gdi32full.dll
0x00007ff9663e0000 - 0x00007ff96665a000 	C:\Windows\WinSxS\amd64_microsoft.windows.common-controls_6595b64144ccf1df_6.0.14393.953_none_42151e83c686086b\COMCTL32.dll
0x00007ff96eee0000 - 0x00007ff96f1a8000 	C:\Windows\System32\combase.dll
0x00007ff96ecc0000 - 0x00007ff96edb5000 	C:\Windows\System32\ucrtbase.dll
0x00007ff96edc0000 - 0x00007ff96ee2a000 	C:\Windows\System32\bcryptPrimitives.dll
0x00007ff971340000 - 0x00007ff97136e000 	C:\Windows\System32\IMM32.DLL
0x000000006b090000 - 0x000000006b162000 	C:\Program Files\Java\jdk1.8.0_60\jre\bin\msvcr100.dll
0x000000006b170000 - 0x000000006b9f9000 	C:\Program Files\Java\jdk1.8.0_60\jre\bin\server\jvm.dll
0x00007ff971620000 - 0x00007ff971628000 	C:\Windows\System32\PSAPI.DLL
0x00007ff966270000 - 0x00007ff966279000 	C:\Windows\SYSTEM32\WSOCK32.dll
0x00007ff9712d0000 - 0x00007ff97133a000 	C:\Windows\System32\WS2_32.dll
0x00007ff96c0d0000 - 0x00007ff96c0f3000 	C:\Windows\SYSTEM32\WINMM.dll
0x00007ff96cc90000 - 0x00007ff96cc9a000 	C:\Windows\SYSTEM32\VERSION.dll
0x00007ff96be30000 - 0x00007ff96be5b000 	C:\Windows\SYSTEM32\WINMMBASE.dll
0x00007ff96de50000 - 0x00007ff96de92000 	C:\Windows\System32\cfgmgr32.dll
0x000000006cf90000 - 0x000000006cf9f000 	C:\Program Files\Java\jdk1.8.0_60\jre\bin\verify.dll
0x000000006cbd0000 - 0x000000006cbf9000 	C:\Program Files\Java\jdk1.8.0_60\jre\bin\java.dll
0x000000006cbb0000 - 0x000000006cbc6000 	C:\Program Files\Java\jdk1.8.0_60\jre\bin\zip.dll

VM Arguments:
java_command: <unknown>
java_class_path (initial): .
Launcher Type: SUN_STANDARD

Environment Variables:
PATH=C:\ProgramData\Oracle\Java\javapath;C:\Program Files (x86)\NVIDIA Corporation\PhysX\Common;C:\Program Files (x86)\Common Files\Intel\Shared Files\cpp\bin\Intel64;C:\Program Files (x86)\Intel\iCLS Client\;C:\Program Files\Intel\iCLS Client\;C:\Windows\system32;C:\Windows;C:\Windows\System32\Wbem;C:\Windows\System32\WindowsPowerShell\v1.0\;C:\Program Files\Intel\Intel(R) Management Engine Components\DAL;C:\Program Files (x86)\Intel\Intel(R) Management Engine Components\DAL;C:\Program Files\Intel\Intel(R) Management Engine Components\IPT;C:\Program Files (x86)\Intel\Intel(R) Management Engine Components\IPT;C:\Program Files (x86)\Brackets\command;C:\Program Files\Microsoft SQL Server\130\Tools\Binn\;C:\Program Files\Microsoft\Web Platform Installer\;C:\Program Files (x86)\Microsoft ASP.NET\ASP.NET Web Pages\v1.0\;C:\Program Files\Microsoft SQL Server\110\Tools\Binn\;C:\Program Files (x86)\Microsoft SQL Server\Client SDK\ODBC\130\Tools\Binn\;C:\Program Files (x86)\Microsoft SQL Server\140\Tools\Binn\;C:\Program Files (x86)\Microsoft SQL Server\140\DTS\Binn\;C:\Program Files (x86)\Microsoft SQL Server\140\Tools\Binn\ManagementStudio\;C:\Program Files\Git\cmd;C:\Program Files\Java\jdk1.8.0_60\bin;C:\Windows\system32\config\systemprofile\.dnx\bin;C:\Program Files\Microsoft DNX\Dnvm\;C:\Program Files (x86)\Windows Kits\8.1\Windows Performance Toolkit\;C:\Program Files\Microsoft SQL Server\120\Tools\Binn\;C:\Program Files\Microsoft SQL Server\Client SDK\ODBC\130\Tools\Binn\;C:\Program Files (x86)\Microsoft SQL Server\130\Tools\Binn\;C:\Program Files\Microsoft SQL Server\130\DTS\Binn\;C:\Program Files\Microsoft SQL Server\140\Tools\Binn\;C:\Program Files\Microsoft SQL Server\140\DTS\Binn\;C:\Program Files\Java\jdk1.8.0_60\bin
USERNAME=Dyah Ayu Shafitri
OS=Windows_NT
PROCESSOR_IDENTIFIER=Intel64 Family 6 Model 61 Stepping 4, GenuineIntel



---------------  S Y S T E M  ---------------

OS: Windows 10.0 , 64 bit Build 14393 (10.0.14393.1198)

CPU:total 4 (2 cores per cpu, 2 threads per core) family 6 model 61 stepping 4, cmov, cx8, fxsr, mmx, sse, sse2, sse3, ssse3, sse4.1, sse4.2, popcnt, avx, avx2, aes, clmul, erms, 3dnowpref, lzcnt, ht, tsc, tscinvbit, bmi1, bmi2, adx

Memory: 4k page, physical 4091300k(623676k free), swap 8443300k(18520k free)

vm_info: Java HotSpot(TM) 64-Bit Server VM (25.60-b23) for windows-amd64 JRE (1.8.0_60-b27), built on Aug  4 2015 11:06:27 by "java_re" with MS VC++ 10.0 (VS2010)

time: Fri Oct 27 10:48:19 2017
elapsed time: 0 seconds (0d 0h 0m 0s)

